# JRE version: Java(TM) SE Runtime Environment 18.9 (11.0.10+8) (build 11.0.10+8-LTS-162)
# Java VM: Java HotSpot(TM) 64-Bit Server VM 18.9 (11.0.10+8-LTS-162, mixed mode, tiered, compressed oops, parallel gc, windows-amd64)
Heap:
 PSYoungGen      total 22528K, used 29K [0x00000000eab00000, 0x00000000eca80000, 0x0000000100000000)
  eden space 22016K, 0% used [0x00000000eab00000,0x00000000eab07488,0x00000000ec080000)
  from space 512K, 0% used [0x00000000ec080000,0x00000000ec080000,0x00000000ec100000)
  to   space 4096K, 0% used [0x00000000ec680000,0x00000000ec680000,0x00000000eca80000)
 ParOldGen       total 68608K, used 24536K [0x00000000c0000000, 0x00000000c4300000, 0x00000000eab00000)
  object space 68608K, 35% used [0x00000000c0000000,0x00000000c17f6120,0x00000000c4300000)
 Metaspace       used 33640K, capacity 35500K, committed 35672K, reserved 1081344K
  class space    used 3157K, capacity 3842K, committed 3968K, reserved 1048576K
GC Heap History (10 events):
Event: 10.251 GC heap before
{Heap before GC invocations=9 (full 1):
 PSYoungGen      total 30720K, used 30689K [0x00000000eab00000, 0x00000000ed480000, 0x0000000100000000)
  eden space 24064K, 100% used [0x00000000eab00000,0x00000000ec280000,0x00000000ec280000)
  from space 6656K, 99% used [0x00000000ec380000,0x00000000ec9f8650,0x00000000eca00000)
  to   space 9216K, 0% used [0x00000000ecb80000,0x00000000ecb80000,0x00000000ed480000)
 ParOldGen       total 68608K, used 10676K [0x00000000c0000000, 0x00000000c4300000, 0x00000000eab00000)
  object space 68608K, 15% used [0x00000000c0000000,0x00000000c0a6d2c8,0x00000000c4300000)
 Metaspace       used 31489K, capacity 33240K, committed 33408K, reserved 1079296K
  class space    used 3025K, capacity 3660K, committed 3712K, reserved 1048576K
}
Event: 10.290 GC heap after
{Heap after GC invocations=9 (full 1):
 PSYoungGen      total 30720K, used 6912K [0x00000000eab00000, 0x00000000ed280000, 0x0000000100000000)
  eden space 23552K, 0% used [0x00000000eab00000,0x00000000eab00000,0x00000000ec200000)
  from space 7168K, 96% used [0x00000000ecb80000,0x00000000ed240020,0x00000000ed280000)
  to   space 7680K, 0% used [0x00000000ec380000,0x00000000ec380000,0x00000000ecb00000)
 ParOldGen       total 68608K, used 12573K [0x00000000c0000000, 0x00000000c4300000, 0x00000000eab00000)
  object space 68608K, 18% used [0x00000000c0000000,0x00000000c0c47568,0x00000000c4300000)
 Metaspace       used 31489K, capacity 33240K, committed 33408K, reserved 1079296K
  class space    used 3025K, capacity 3660K, committed 3712K, reserved 1048576K
}
Event: 10.428 GC heap before
{Heap before GC invocations=10 (full 1):
 PSYoungGen      total 30720K, used 30464K [0x00000000eab00000, 0x00000000ed280000, 0x0000000100000000)
  eden space 23552K, 100% used [0x00000000eab00000,0x00000000ec200000,0x00000000ec200000)
  from space 7168K, 96% used [0x00000000ecb80000,0x00000000ed240020,0x00000000ed280000)
  to   space 7680K, 0% used [0x00000000ec380000,0x00000000ec380000,0x00000000ecb00000)
 ParOldGen       total 68608K, used 12573K [0x00000000c0000000, 0x00000000c4300000, 0x00000000eab00000)
  object space 68608K, 18% used [0x00000000c0000000,0x00000000c0c47568,0x00000000c4300000)
 Metaspace       used 31489K, capacity 33240K, committed 33408K, reserved 1079296K
  class space    used 3025K, capacity 3660K, committed 3712K, reserved 1048576K
}
Event: 10.446 GC heap after
{Heap after GC invocations=10 (full 1):
 PSYoungGen      total 29696K, used 6304K [0x00000000eab00000, 0x00000000ece80000, 0x0000000100000000)
  eden space 23040K, 0% used [0x00000000eab00000,0x00000000eab00000,0x00000000ec180000)
  from space 6656K, 94% used [0x00000000ec380000,0x00000000ec9a8020,0x00000000eca00000)
  to   space 4608K, 0% used [0x00000000eca00000,0x00000000eca00000,0x00000000ece80000)
 ParOldGen       total 68608K, used 15262K [0x00000000c0000000, 0x00000000c4300000, 0x00000000eab00000)
  object space 68608K, 22% used [0x00000000c0000000,0x00000000c0ee7bb0,0x00000000c4300000)
 Metaspace       used 31489K, capacity 33240K, committed 33408K, reserved 1079296K
  class space    used 3025K, capacity 3660K, committed 3712K, reserved 1048576K
}
Event: 11.052 GC heap before
{Heap before GC invocations=11 (full 1):
 PSYoungGen      total 29696K, used 29314K [0x00000000eab00000, 0x00000000ece80000, 0x0000000100000000)
  eden space 23040K, 99% used [0x00000000eab00000,0x00000000ec178ad8,0x00000000ec180000)
  from space 6656K, 94% used [0x00000000ec380000,0x00000000ec9a8020,0x00000000eca00000)
  to   space 4608K, 0% used [0x00000000eca00000,0x00000000eca00000,0x00000000ece80000)
 ParOldGen       total 68608K, used 15262K [0x00000000c0000000, 0x00000000c4300000, 0x00000000eab00000)
  object space 68608K, 22% used [0x00000000c0000000,0x00000000c0ee7bb0,0x00000000c4300000)
 Metaspace       used 32388K, capacity 34284K, committed 34560K, reserved 1079296K
  class space    used 3085K, capacity 3778K, committed 3840K, reserved 1048576K
}
Event: 11.066 GC heap after
{Heap after GC invocations=11 (full 1):
 PSYoungGen      total 26624K, used 4584K [0x00000000eab00000, 0x00000000ed400000, 0x0000000100000000)
  eden space 22016K, 0% used [0x00000000eab00000,0x00000000eab00000,0x00000000ec080000)
  from space 4608K, 99% used [0x00000000eca00000,0x00000000ece7a190,0x00000000ece80000)
  to   space 9728K, 0% used [0x00000000ec080000,0x00000000ec080000,0x00000000eca00000)
 ParOldGen       total 68608K, used 19816K [0x00000000c0000000, 0x00000000c4300000, 0x00000000eab00000)
  object space 68608K, 28% used [0x00000000c0000000,0x00000000c135a280,0x00000000c4300000)
 Metaspace       used 32388K, capacity 34284K, committed 34560K, reserved 1079296K
  class space    used 3085K, capacity 3778K, committed 3840K, reserved 1048576K
}
Event: 11.654 GC heap before
{Heap before GC invocations=12 (full 1):
 PSYoungGen      total 26624K, used 7656K [0x00000000eab00000, 0x00000000ed400000, 0x0000000100000000)
  eden space 22016K, 13% used [0x00000000eab00000,0x00000000eadfff08,0x00000000ec080000)
  from space 4608K, 99% used [0x00000000eca00000,0x00000000ece7a190,0x00000000ece80000)
  to   space 9728K, 0% used [0x00000000ec080000,0x00000000ec080000,0x00000000eca00000)
 ParOldGen       total 68608K, used 19816K [0x00000000c0000000, 0x00000000c4300000, 0x00000000eab00000)
  object space 68608K, 28% used [0x00000000c0000000,0x00000000c135a280,0x00000000c4300000)
 Metaspace       used 33390K, capacity 35244K, committed 35416K, reserved 1081344K
  class space    used 3156K, capacity 3842K, committed 3968K, reserved 1048576K
}
Event: 11.744 GC heap after
{Heap after GC invocations=12 (full 1):
 PSYoungGen      total 22528K, used 481K [0x00000000eab00000, 0x00000000eca80000, 0x0000000100000000)
  eden space 22016K, 0% used [0x00000000eab00000,0x00000000eab00000,0x00000000ec080000)
  from space 512K, 94% used [0x00000000ec080000,0x00000000ec0f8690,0x00000000ec100000)
  to   space 4096K, 0% used [0x00000000ec680000,0x00000000ec680000,0x00000000eca80000)
 ParOldGen       total 68608K, used 24434K [0x00000000c0000000, 0x00000000c4300000, 0x00000000eab00000)
  object space 68608K, 35% used [0x00000000c0000000,0x00000000c17dc9d8,0x00000000c4300000)
 Metaspace       used 33390K, capacity 35244K, committed 35416K, reserved 1081344K
  class space    used 3156K, capacity 3842K, committed 3968K, reserved 1048576K
}
Event: 11.744 GC heap before
{Heap before GC invocations=13 (full 2):
 PSYoungGen      total 22528K, used 481K [0x00000000eab00000, 0x00000000eca80000, 0x0000000100000000)
  eden space 22016K, 0% used [0x00000000eab00000,0x00000000eab00000,0x00000000ec080000)
  from space 512K, 94% used [0x00000000ec080000,0x00000000ec0f8690,0x00000000ec100000)
  to   space 4096K, 0% used [0x00000000ec680000,0x00000000ec680000,0x00000000eca80000)
 ParOldGen       total 68608K, used 24434K [0x00000000c0000000, 0x00000000c4300000, 0x00000000eab00000)
  object space 68608K, 35% used [0x00000000c0000000,0x00000000c17dc9d8,0x00000000c4300000)
 Metaspace       used 33390K, capacity 35244K, committed 35416K, reserved 1081344K
  class space    used 3156K, capacity 3842K, committed 3968K, reserved 1048576K
}
Event: 12.693 GC heap after
{Heap after GC invocations=13 (full 2):
 PSYoungGen      total 22528K, used 0K [0x00000000eab00000, 0x00000000eca80000, 0x0000000100000000)
  eden space 22016K, 0% used [0x00000000eab00000,0x00000000eab00000,0x00000000ec080000)
  from space 512K, 0% used [0x00000000ec080000,0x00000000ec080000,0x00000000ec100000)
  to   space 4096K, 0% used [0x00000000ec680000,0x00000000ec680000,0x00000000eca80000)
 ParOldGen       total 68608K, used 24536K [0x00000000c0000000, 0x00000000c4300000, 0x00000000eab00000)
  object space 68608K, 35% used [0x00000000c0000000,0x00000000c17f6120,0x00000000c4300000)
 Metaspace       used 33390K, capacity 35244K, committed 35416K, reserved 1081344K
  class space    used 3156K, capacity 3842K, committed 3968K, reserved 1048576K
}

